<?xml version="1.0" encoding="UTF-8"?>
<!-- Generated by org.testng.reporters.JUnitXMLReporter -->
<testsuite hostname="LAPTOP-3Q9FF48L" ignored="4" name="CreateNewContact_Test" tests="1" failures="1" timestamp="10 Jun 2020 22:52:15 GMT" time="5.065" errors="0">
  <testcase name="loginBrowser" time="5.026" classname="com.testng.login.demo.NewContactTest">
    <failure type="java.lang.NullPointerException">
      <![CDATA[java.lang.NullPointerException
at com.testng.login.demo.BrowserUtilitySalesforce.loginToBrowser(BrowserUtilitySalesforce.java:32)
at com.testng.login.demo.NewContactTest.loginBrowser(NewContactTest.java:31)
... Removed 25 stack frames]]>
    </failure>
  </testcase> <!-- loginBrowser -->
  <testcase name="clickSave" time="0.0" classname="com.testng.login.demo.NewContactTest">
    <ignored/>
  </testcase> <!-- clickSave -->
  <testcase name="clickNewContactButton" time="0.0" classname="com.testng.login.demo.NewContactTest">
    <ignored/>
  </testcase> <!-- clickNewContactButton -->
  <testcase name="enterDetails" time="0.0" classname="com.testng.login.demo.NewContactTest">
    <ignored/>
  </testcase> <!-- enterDetails -->
  <testcase name="findContacts" time="0.0" classname="com.testng.login.demo.NewContactTest">
    <ignored/>
  </testcase> <!-- findContacts -->
</testsuite> <!-- CreateNewContact_Test -->
