<?xml version="1.0" encoding="UTF-8"?>
<!-- Generated by org.testng.reporters.JUnitXMLReporter -->
<testsuite hostname="LAPTOP-3Q9FF48L" ignored="0" name="i_Test" tests="5" failures="0" timestamp="10 Jun 2020 22:53:06 GMT" time="27.021" errors="0">
  <testcase name="loginBrowser" time="10.723" classname="com.testng.login.demo.NewContactTest"/>
  <testcase name="findContacts" time="7.204" classname="com.testng.login.demo.NewContactTest"/>
  <testcase name="clickNewContactButton" time="6.071" classname="com.testng.login.demo.NewContactTest"/>
  <testcase name="enterDetails" time="0.244" classname="com.testng.login.demo.NewContactTest"/>
  <testcase name="clickSave" time="2.755" classname="com.testng.login.demo.NewContactTest"/>
</testsuite> <!-- i_Test -->
