<?xml version="1.0" encoding="UTF-8"?>
<!-- Generated by org.testng.reporters.JUnitXMLReporter -->
<testsuite hostname="LAPTOP-3Q9FF48L" ignored="0" name="i_Test" tests="5" failures="0" timestamp="10 Jun 2020 23:57:28 GMT" time="30.187" errors="0">
  <testcase name="loginBrowser" time="10.41" classname="com.testng.login.demo.NewContactTest"/>
  <testcase name="findContacts" time="11.33" classname="com.testng.login.demo.NewContactTest"/>
  <testcase name="clickNewContactButton" time="5.657" classname="com.testng.login.demo.NewContactTest"/>
  <testcase name="enterDetails" time="0.198" classname="com.testng.login.demo.NewContactTest"/>
  <testcase name="clickSave" time="2.571" classname="com.testng.login.demo.NewContactTest"/>
</testsuite> <!-- i_Test -->
